TN:
SF:D:\gitlab\vuecli\client\components\HelloWorld.vue
FNF:0
FNH:0
DA:27,3
LF:1
LH:1
BRF:0
BRH:0
end_of_record
TN:
SF:D:\gitlab\vuecli\client\pages\login\login.vue
FNF:0
FNH:0
DA:61,2
DA:78,0
DA:81,0
DA:84,0
LF:4
LH:1
BRF:0
BRH:0
end_of_record
TN:
SF:D:\gitlab\vuecli\client\entries\home.js
FNF:0
FNH:0
DA:9,1
DA:12,1
DA:18,1
DA:19,1
LF:4
LH:4
BRF:0
BRH:0
end_of_record
TN:
SF:D:\gitlab\vuecli\client\pages\index\App.vue
FNF:0
FNH:0
LF:0
LH:0
BRF:0
BRH:0
end_of_record
TN:
SF:D:\gitlab\vuecli\client\router\index.js
FNF:0
FNH:0
DA:5,1
LF:1
LH:1
BRF:0
BRH:0
end_of_record
TN:
SF:D:\gitlab\vuecli\client\entries\login.js
FNF:0
FNH:0
DA:8,1
DA:9,1
DA:10,1
DA:13,1
DA:21,1
DA:22,1
LF:6
LH:6
BRF:0
BRH:0
end_of_record
TN:
SF:D:\gitlab\vuecli\client\router\login.js
FNF:0
FNH:0
DA:5,1
LF:1
LH:1
BRF:0
BRH:0
end_of_record
